0 info it worked if it ends with ok
1 verbose cli [ 'node', '/usr/local/bin/npm', 'version', 'underscore' ]
2 info using npm@2.7.5
3 info using node@v0.12.2
4 verbose node symlink /usr/local/bin/node
5 error version No package.json found
6 verbose stack Error: ENOENT, open '/Users/matthiasak/Github Projects/Notes-Backbone-React-ES6:7/package.json'
6 verbose stack     at Error (native)
7 verbose cwd /Users/matthiasak/Github Projects/Notes-Backbone-React-ES6:7
8 error Darwin 14.3.0
9 error argv "node" "/usr/local/bin/npm" "version" "underscore"
10 error node v0.12.2
11 error npm  v2.7.5
12 error path /Users/matthiasak/Github Projects/Notes-Backbone-React-ES6:7/package.json
13 error code ENOENT
14 error errno -2
15 error enoent ENOENT, open '/Users/matthiasak/Github Projects/Notes-Backbone-React-ES6:7/package.json'
15 error enoent This is most likely not a problem with npm itself
15 error enoent and is related to npm not being able to find a file.
16 verbose exit [ -2, true ]
